<html>
<head>
<title>TestNG:  Default test</title>
<link href="../testng.css" rel="stylesheet" type="text/css" />
<link href="../my-testng.css" rel="stylesheet" type="text/css" />

<style type="text/css">
.log { display: none;} 
.stack-trace { display: none;} 
</style>
<script type="text/javascript">
<!--
function flip(e) {
  current = e.style.display;
  if (current == 'block') {
    e.style.display = 'none';
    return 0;
  }
  else {
    e.style.display = 'block';
    return 1;
  }
}

function toggleBox(szDivId, elem, msg1, msg2)
{
  var res = -1;  if (document.getElementById) {
    res = flip(document.getElementById(szDivId));
  }
  else if (document.all) {
    // this is the way old msie versions work
    res = flip(document.all[szDivId]);
  }
  if(elem) {
    if(res == 0) elem.innerHTML = msg1; else elem.innerHTML = msg2;
  }

}

function toggleAllBoxes() {
  if (document.getElementsByTagName) {
    d = document.getElementsByTagName('div');
    for (i = 0; i < d.length; i++) {
      if (d[i].className == 'log') {
        flip(d[i]);
      }
    }
  }
}

// -->
</script>

</head>
<body>
<h2 align='center'>Default test</h2><table border='1' align="center">
<tr>
<td>Tests passed/Failed/Skipped:</td><td>4/2/0</td>
</tr><tr>
<td>Started on:</td><td>Sun Mar 12 23:16:10 IST 2023</td>
</tr>
<tr><td>Total time:</td><td>56 seconds (56611 ms)</td>
</tr><tr>
<td>Included groups:</td><td></td>
</tr><tr>
<td>Excluded groups:</td><td></td>
</tr>
</table><p/>
<small><i>(Hover the method name to see the test class name)</i></small><p/>
<table width='100%' border='1' class='invocation-failed'>
<tr><td colspan='4' align='center'><b>FAILED TESTS</b></td></tr>
<tr><td><b>Test method</b></td>
<td><b>Attribute(s)</b></td>
<td width="30%"><b>Exception</b></td>
<td width="10%"><b>Time (seconds)</b></td>
<td><b>Instance</b></td>
</tr>
<tr>
<td title='cucumberOptions.TestngTestRunner.runScenario()'><b>runScenario</b><br>Test class: cucumberOptions.TestngTestRunner<br>Test method: Runs Cucumber Scenarios<br>Parameters: "Validate the APplication with the user name password", "Login Validation"</td>
<td><div><pre>org.openqa.selenium.NoSuchElementException: no such element: Unable to locate element: {&quot;method&quot;:&quot;xpath&quot;,&quot;selector&quot;:&quot;//h5[normalize-space()=&apos;Have a nice day at work!&apos;]&quot;}
  (Session info: headless chrome=111.0.5563.65)
For documentation on this error, please visit: https://selenium.dev/exceptions/#no_such_element
Build info: version: &apos;4.8.1&apos;, revision: &apos;8ebccac989&apos;
System info: os.name: &apos;Windows 10&apos;, os.arch: &apos;amd64&apos;, os.version: &apos;10.0&apos;, java.version: &apos;17.0.2&apos;
Driver info: org.openqa.selenium.chrome.ChromeDriver
Command: [69c67df5038c4b48e96362d088ed4f11, findElement {using=xpath, value=//h5[normalize-space()=&apos;Have a nice day at work!&apos;]}]
Capabilities {acceptInsecureCerts: false, browserName: chrome, browserVersion: 111.0.5563.65, chrome: {chromedriverVersion: 111.0.5563.64 (c710e93d5b63..., userDataDir: C:\Users\hp\AppData\Local\T...}, goog:chromeOptions: {debuggerAddress: localhost:56451}, networkConnectionEnabled: false, pageLoadStrategy: normal, platformName: WINDOWS, proxy: Proxy(), se:cdp: ws://localhost:56451/devtoo..., se:cdpVersion: 111.0.5563.65, setWindowRect: true, strictFileInteractability: false, timeouts: {implicit: 0, pageLoad: 300000, script: 30000}, unhandledPromptBehavior: dismiss and notify, webauthn:extension:credBlob: true, webauthn:extension:largeBlob: true, webauthn:extension:minPinLength: true, webauthn:extension:prf: true, webauthn:virtualAuthenticators: true}
Session ID: 69c67df5038c4b48e96362d088ed4f11
	at java.base/jdk.internal.reflect.NativeConstructorAccessorImpl.newInstance0(Native Method)
	at java.base/jdk.internal.reflect.NativeConstructorAccessorImpl.newInstance(NativeConstructorAccessorImpl.java:77)
	at java.base/jdk.internal.reflect.DelegatingConstructorAccessorImpl.newInstance(DelegatingConstructorAccessorImpl.java:45)
	at java.base/java.lang.reflect.Constructor.newInstanceWithCaller(Constructor.java:499)
	at java.base/java.lang.reflect.Constructor.newInstance(Constructor.java:480)
	at org.openqa.selenium.remote.codec.w3c.W3CHttpResponseCodec.createException(W3CHttpResponseCodec.java:200)
	at org.openqa.selenium.remote.codec.w3c.W3CHttpResponseCodec.decode(W3CHttpResponseCodec.java:133)
	at org.openqa.selenium.remote.codec.w3c.W3CHttpResponseCodec.decode(W3CHttpResponseCodec.java:53)
	at org.openqa.selenium.remote.HttpCommandExecutor.execute(HttpCommandExecutor.java:184)
	at org.openqa.selenium.remote.service.DriverCommandExecutor.invokeExecute(DriverCommandExecutor.java:167)
	at org.openqa.selenium.remote.service.DriverCommandExecutor.execute(DriverCommandExecutor.java:142)
	at org.openqa.selenium.remote.RemoteWebDriver.execute(RemoteWebDriver.java:543)
	at org.openqa.selenium.remote.ElementLocation$ElementFinder$2.findElement(ElementLocation.java:162)
	at org.openqa.selenium.remote.ElementLocation.findElement(ElementLocation.java:60)
	at org.openqa.selenium.remote.RemoteWebDriver.findElement(RemoteWebDriver.java:352)
	at org.openqa.selenium.remote.RemoteWebDriver.findElement(RemoteWebDriver.java:344)
	at Base.BasePage.gettingWebElements(BasePage.java:38)
	at pageObjects.DashboardPage.getDashboardMessage(DashboardPage.java:23)
	at StepDefination.PagetitleValidation.capture_the_page_title(PagetitleValidation.java:54)
	at ?.Capture the page title(file:///C:/Users/hp/eclipse-workspace/Automation/src/test/java/features/login.feature:23)
</pre></div><a href='#' onClick='toggleBox("stack-trace726925617", this, "Click to show all stack frames", "Click to hide stack frames")'>Click to show all stack frames</a>
<div class='stack-trace' id='stack-trace726925617'><pre>org.openqa.selenium.NoSuchElementException: no such element: Unable to locate element: {&quot;method&quot;:&quot;xpath&quot;,&quot;selector&quot;:&quot;//h5[normalize-space()=&apos;Have a nice day at work!&apos;]&quot;}
  (Session info: headless chrome=111.0.5563.65)
For documentation on this error, please visit: https://selenium.dev/exceptions/#no_such_element
Build info: version: &apos;4.8.1&apos;, revision: &apos;8ebccac989&apos;
System info: os.name: &apos;Windows 10&apos;, os.arch: &apos;amd64&apos;, os.version: &apos;10.0&apos;, java.version: &apos;17.0.2&apos;
Driver info: org.openqa.selenium.chrome.ChromeDriver
Command: [69c67df5038c4b48e96362d088ed4f11, findElement {using=xpath, value=//h5[normalize-space()=&apos;Have a nice day at work!&apos;]}]
Capabilities {acceptInsecureCerts: false, browserName: chrome, browserVersion: 111.0.5563.65, chrome: {chromedriverVersion: 111.0.5563.64 (c710e93d5b63..., userDataDir: C:\Users\hp\AppData\Local\T...}, goog:chromeOptions: {debuggerAddress: localhost:56451}, networkConnectionEnabled: false, pageLoadStrategy: normal, platformName: WINDOWS, proxy: Proxy(), se:cdp: ws://localhost:56451/devtoo..., se:cdpVersion: 111.0.5563.65, setWindowRect: true, strictFileInteractability: false, timeouts: {implicit: 0, pageLoad: 300000, script: 30000}, unhandledPromptBehavior: dismiss and notify, webauthn:extension:credBlob: true, webauthn:extension:largeBlob: true, webauthn:extension:minPinLength: true, webauthn:extension:prf: true, webauthn:virtualAuthenticators: true}
Session ID: 69c67df5038c4b48e96362d088ed4f11
	at java.base/jdk.internal.reflect.NativeConstructorAccessorImpl.newInstance0(Native Method)
	at java.base/jdk.internal.reflect.NativeConstructorAccessorImpl.newInstance(NativeConstructorAccessorImpl.java:77)
	at java.base/jdk.internal.reflect.DelegatingConstructorAccessorImpl.newInstance(DelegatingConstructorAccessorImpl.java:45)
	at java.base/java.lang.reflect.Constructor.newInstanceWithCaller(Constructor.java:499)
	at java.base/java.lang.reflect.Constructor.newInstance(Constructor.java:480)
	at org.openqa.selenium.remote.codec.w3c.W3CHttpResponseCodec.createException(W3CHttpResponseCodec.java:200)
	at org.openqa.selenium.remote.codec.w3c.W3CHttpResponseCodec.decode(W3CHttpResponseCodec.java:133)
	at org.openqa.selenium.remote.codec.w3c.W3CHttpResponseCodec.decode(W3CHttpResponseCodec.java:53)
	at org.openqa.selenium.remote.HttpCommandExecutor.execute(HttpCommandExecutor.java:184)
	at org.openqa.selenium.remote.service.DriverCommandExecutor.invokeExecute(DriverCommandExecutor.java:167)
	at org.openqa.selenium.remote.service.DriverCommandExecutor.execute(DriverCommandExecutor.java:142)
	at org.openqa.selenium.remote.RemoteWebDriver.execute(RemoteWebDriver.java:543)
	at org.openqa.selenium.remote.ElementLocation$ElementFinder$2.findElement(ElementLocation.java:162)
	at org.openqa.selenium.remote.ElementLocation.findElement(ElementLocation.java:60)
	at org.openqa.selenium.remote.RemoteWebDriver.findElement(RemoteWebDriver.java:352)
	at org.openqa.selenium.remote.RemoteWebDriver.findElement(RemoteWebDriver.java:344)
	at Base.BasePage.gettingWebElements(BasePage.java:38)
	at pageObjects.DashboardPage.getDashboardMessage(DashboardPage.java:23)
	at StepDefination.PagetitleValidation.capture_the_page_title(PagetitleValidation.java:54)
	at ?.Capture the page title(file:///C:/Users/hp/eclipse-workspace/Automation/src/test/java/features/login.feature:23)
</pre></div></td>
<td>20</td>
<td>cucumberOptions.TestngTestRunner@1c1bbc4e</td></tr>
<tr>
<td title='cucumberOptions.TestngTestRunner.runScenario()'><b>runScenario</b><br>Test class: cucumberOptions.TestngTestRunner<br>Test method: Runs Cucumber Scenarios<br>Parameters: "Validate the dash components", "Dashboard operation"</td>
<td><div><pre>org.junit.ComparisonFailure: expected:&lt;[tru]e&gt; but was:&lt;[fals]e&gt;
	at org.junit.Assert.assertEquals(Assert.java:115)
	at org.junit.Assert.assertEquals(Assert.java:144)
	at StepDefination.DashboardOpearations.compare_the_email_address_is_correct_or_not_with_the_profile_email_address(DashboardOpearations.java:24)
	at ?.compare the email address is correct or not with the profile email address(file:///C:/Users/hp/eclipse-workspace/Automation/src/test/java/features/dashboard.feature:7)
</pre></div><a href='#' onClick='toggleBox("stack-trace1539995236", this, "Click to show all stack frames", "Click to hide stack frames")'>Click to show all stack frames</a>
<div class='stack-trace' id='stack-trace1539995236'><pre>org.junit.ComparisonFailure: expected:&lt;[tru]e&gt; but was:&lt;[fals]e&gt;
	at org.junit.Assert.assertEquals(Assert.java:115)
	at org.junit.Assert.assertEquals(Assert.java:144)
	at StepDefination.DashboardOpearations.compare_the_email_address_is_correct_or_not_with_the_profile_email_address(DashboardOpearations.java:24)
	at ?.compare the email address is correct or not with the profile email address(file:///C:/Users/hp/eclipse-workspace/Automation/src/test/java/features/dashboard.feature:7)
</pre></div></td>
<td>0</td>
<td>cucumberOptions.TestngTestRunner@1c1bbc4e</td></tr>
</table><p>
<table width='100%' border='1' class='invocation-passed'>
<tr><td colspan='4' align='center'><b>PASSED TESTS</b></td></tr>
<tr><td><b>Test method</b></td>
<td><b>Attribute(s)</b></td>
<td width="30%"><b>Exception</b></td>
<td width="10%"><b>Time (seconds)</b></td>
<td><b>Instance</b></td>
</tr>
<tr>
<td title='cucumberOptions.TestngTestRunner.runScenario()'><b>runScenario</b><br>Test class: cucumberOptions.TestngTestRunner<br>Test method: Runs Cucumber Scenarios<br>Parameters: "Verify the login functionality", "Login Validation"</td>
<td></td>
<td>5</td>
<td>cucumberOptions.TestngTestRunner@1c1bbc4e</td></tr>
<tr>
<td title='cucumberOptions.TestngTestRunner.runScenario()'><b>runScenario</b><br>Test class: cucumberOptions.TestngTestRunner<br>Test method: Runs Cucumber Scenarios<br>Parameters: "Validate the APplication with the large set of data", "Login Validation"</td>
<td></td>
<td>0</td>
<td>cucumberOptions.TestngTestRunner@1c1bbc4e</td></tr>
<tr>
<td title='cucumberOptions.TestngTestRunner.runScenario()'><b>runScenario</b><br>Test class: cucumberOptions.TestngTestRunner<br>Test method: Runs Cucumber Scenarios<br>Parameters: "Validate the APplication with the user name password", "Login Validation"</td>
<td></td>
<td>16</td>
<td>cucumberOptions.TestngTestRunner@1c1bbc4e</td></tr>
<tr>
<td title='cucumberOptions.TestngTestRunner.runScenario()'><b>runScenario</b><br>Test class: cucumberOptions.TestngTestRunner<br>Test method: Runs Cucumber Scenarios<br>Parameters: "Validate the APplication with the user name password", "Login Validation"</td>
<td></td>
<td>12</td>
<td>cucumberOptions.TestngTestRunner@1c1bbc4e</td></tr>
</table><p>
</body>
</html>